# JRE version: OpenJDK Runtime Environment (21.0.6) (build 21.0.6+-13391695-b895.109)
# Java VM: OpenJDK 64-Bit Server VM (21.0.6+-13391695-b895.109, mixed mode, tiered, compressed oops, compressed class ptrs, g1 gc, windows-amd64)
GC Precious Log:
 CardTable entry size: 512
 Card Set container configuration: InlinePtr #cards 5 size 8 Array Of Cards #cards 12 size 40 Howl #buckets 4 coarsen threshold 1843 Howl Bitmap #cards 512 size 80 coarsen threshold 460 Card regions per heap region 1 cards per card region 2048
 CPUs: 12 total, 12 available
 Memory: 8059M
 Large Page Support: Disabled
 NUMA Support: Disabled
 Compressed Oops: Enabled (32-bit)
 Heap Region Size: 1M
 Heap Min Capacity: 8M
 Heap Initial Capacity: 126M
 Heap Max Capacity: 2G
 Pre-touch: Disabled
 Parallel Workers: 10
 Concurrent Workers: 3
 Concurrent Refinement Workers: 10
 Periodic GC: Disabled
Heap:
 garbage-first heap   total 230400K, used 205502K [0x0000000080000000, 0x0000000100000000)
  region size 1024K, 75 young (76800K), 0 survivors (0K)
 Metaspace       used 133129K, committed 135552K, reserved 1179648K
  class space    used 17354K, committed 18560K, reserved 1048576K
GC Heap History (20 events):
Event: 51.632 GC heap before
{Heap before GC invocations=47 (full 0):
 garbage-first heap   total 158720K, used 147456K [0x0000000080000000, 0x0000000100000000)
  region size 1024K, 45 young (46080K), 5 survivors (5120K)
 Metaspace       used 117380K, committed 119744K, reserved 1179648K
  class space    used 15702K, committed 16896K, reserved 1048576K
}
Event: 51.647 GC heap after
{Heap after GC invocations=48 (full 0):
 garbage-first heap   total 161792K, used 107426K [0x0000000080000000, 0x0000000100000000)
  region size 1024K, 5 young (5120K), 5 survivors (5120K)
 Metaspace       used 117380K, committed 119744K, reserved 1179648K
  class space    used 15702K, committed 16896K, reserved 1048576K
}
Event: 52.083 GC heap before
{Heap before GC invocations=48 (full 0):
 garbage-first heap   total 161792K, used 147362K [0x0000000080000000, 0x0000000100000000)
  region size 1024K, 44 young (45056K), 5 survivors (5120K)
 Metaspace       used 117399K, committed 119744K, reserved 1179648K
  class space    used 15703K, committed 16896K, reserved 1048576K
}
Event: 52.095 GC heap after
{Heap after GC invocations=49 (full 0):
 garbage-first heap   total 161792K, used 109838K [0x0000000080000000, 0x0000000100000000)
  region size 1024K, 4 young (4096K), 4 survivors (4096K)
 Metaspace       used 117399K, committed 119744K, reserved 1179648K
  class space    used 15703K, committed 16896K, reserved 1048576K
}
Event: 52.793 GC heap before
{Heap before GC invocations=50 (full 0):
 garbage-first heap   total 184320K, used 146702K [0x0000000080000000, 0x0000000100000000)
  region size 1024K, 41 young (41984K), 4 survivors (4096K)
 Metaspace       used 117607K, committed 119936K, reserved 1179648K
  class space    used 15734K, committed 16896K, reserved 1048576K
}
Event: 52.800 GC heap after
{Heap after GC invocations=51 (full 0):
 garbage-first heap   total 184320K, used 111378K [0x0000000080000000, 0x0000000100000000)
  region size 1024K, 5 young (5120K), 5 survivors (5120K)
 Metaspace       used 117607K, committed 119936K, reserved 1179648K
  class space    used 15734K, committed 16896K, reserved 1048576K
}
Event: 55.007 GC heap before
{Heap before GC invocations=51 (full 0):
 garbage-first heap   total 184320K, used 165650K [0x0000000080000000, 0x0000000100000000)
  region size 1024K, 59 young (60416K), 5 survivors (5120K)
 Metaspace       used 120514K, committed 122816K, reserved 1179648K
  class space    used 16105K, committed 17216K, reserved 1048576K
}
Event: 55.019 GC heap after
{Heap after GC invocations=52 (full 0):
 garbage-first heap   total 184320K, used 112853K [0x0000000080000000, 0x0000000100000000)
  region size 1024K, 8 young (8192K), 8 survivors (8192K)
 Metaspace       used 120514K, committed 122816K, reserved 1179648K
  class space    used 16105K, committed 17216K, reserved 1048576K
}
Event: 55.761 GC heap before
{Heap before GC invocations=52 (full 0):
 garbage-first heap   total 184320K, used 165077K [0x0000000080000000, 0x0000000100000000)
  region size 1024K, 60 young (61440K), 8 survivors (8192K)
 Metaspace       used 120913K, committed 123200K, reserved 1179648K
  class space    used 16147K, committed 17280K, reserved 1048576K
}
Event: 55.772 GC heap after
{Heap after GC invocations=53 (full 0):
 garbage-first heap   total 184320K, used 114756K [0x0000000080000000, 0x0000000100000000)
  region size 1024K, 4 young (4096K), 4 survivors (4096K)
 Metaspace       used 120913K, committed 123200K, reserved 1179648K
  class space    used 16147K, committed 17280K, reserved 1048576K
}
Event: 56.491 GC heap before
{Heap before GC invocations=54 (full 0):
 garbage-first heap   total 193536K, used 166980K [0x0000000080000000, 0x0000000100000000)
  region size 1024K, 56 young (57344K), 4 survivors (4096K)
 Metaspace       used 121268K, committed 123584K, reserved 1179648K
  class space    used 16193K, committed 17344K, reserved 1048576K
}
Event: 56.498 GC heap after
{Heap after GC invocations=55 (full 0):
 garbage-first heap   total 193536K, used 116201K [0x0000000080000000, 0x0000000100000000)
  region size 1024K, 6 young (6144K), 6 survivors (6144K)
 Metaspace       used 121268K, committed 123584K, reserved 1179648K
  class space    used 16193K, committed 17344K, reserved 1048576K
}
Event: 70.236 GC heap before
{Heap before GC invocations=55 (full 0):
 garbage-first heap   total 193536K, used 174569K [0x0000000080000000, 0x0000000100000000)
  region size 1024K, 64 young (65536K), 6 survivors (6144K)
 Metaspace       used 122551K, committed 124928K, reserved 1179648K
  class space    used 16337K, committed 17536K, reserved 1048576K
}
Event: 70.259 GC heap after
{Heap after GC invocations=56 (full 0):
 garbage-first heap   total 193536K, used 118258K [0x0000000080000000, 0x0000000100000000)
  region size 1024K, 7 young (7168K), 7 survivors (7168K)
 Metaspace       used 122551K, committed 124928K, reserved 1179648K
  class space    used 16337K, committed 17536K, reserved 1048576K
}
Event: 72.748 GC heap before
{Heap before GC invocations=56 (full 0):
 garbage-first heap   total 193536K, used 155122K [0x0000000080000000, 0x0000000100000000)
  region size 1024K, 45 young (46080K), 7 survivors (7168K)
 Metaspace       used 124116K, committed 126400K, reserved 1179648K
  class space    used 16535K, committed 17664K, reserved 1048576K
}
Event: 72.760 GC heap after
{Heap after GC invocations=57 (full 0):
 garbage-first heap   total 193536K, used 120389K [0x0000000080000000, 0x0000000100000000)
  region size 1024K, 5 young (5120K), 5 survivors (5120K)
 Metaspace       used 124116K, committed 126400K, reserved 1179648K
  class space    used 16535K, committed 17664K, reserved 1048576K
}
Event: 76.197 GC heap before
{Heap before GC invocations=58 (full 0):
 garbage-first heap   total 230400K, used 190021K [0x0000000080000000, 0x0000000100000000)
  region size 1024K, 58 young (59392K), 5 survivors (5120K)
 Metaspace       used 130830K, committed 133248K, reserved 1179648K
  class space    used 17226K, committed 18432K, reserved 1048576K
}
Event: 76.212 GC heap after
{Heap after GC invocations=59 (full 0):
 garbage-first heap   total 230400K, used 121171K [0x0000000080000000, 0x0000000100000000)
  region size 1024K, 5 young (5120K), 5 survivors (5120K)
 Metaspace       used 130830K, committed 133248K, reserved 1179648K
  class space    used 17226K, committed 18432K, reserved 1048576K
}
Event: 188.106 GC heap before
{Heap before GC invocations=59 (full 0):
 garbage-first heap   total 230400K, used 211283K [0x0000000080000000, 0x0000000100000000)
  region size 1024K, 94 young (96256K), 5 survivors (5120K)
 Metaspace       used 132812K, committed 135232K, reserved 1179648K
  class space    used 17346K, committed 18560K, reserved 1048576K
}
Event: 188.297 GC heap after
{Heap after GC invocations=60 (full 0):
 garbage-first heap   total 230400K, used 128702K [0x0000000080000000, 0x0000000100000000)
  region size 1024K, 12 young (12288K), 12 survivors (12288K)
 Metaspace       used 132812K, committed 135232K, reserved 1179648K
  class space    used 17346K, committed 18560K, reserved 1048576K
}

