# JRE version: OpenJDK Runtime Environment (21.0.6) (build 21.0.6+-13391695-b895.109)
# Java VM: OpenJDK 64-Bit Server VM (21.0.6+-13391695-b895.109, mixed mode, tiered, compressed oops, compressed class ptrs, g1 gc, windows-amd64)
GC Precious Log:
 CardTable entry size: 512
 Card Set container configuration: InlinePtr #cards 5 size 8 Array Of Cards #cards 12 size 40 Howl #buckets 4 coarsen threshold 1843 Howl Bitmap #cards 512 size 80 coarsen threshold 460 Card regions per heap region 1 cards per card region 2048
 CPUs: 12 total, 12 available
 Memory: 8059M
 Large Page Support: Disabled
 NUMA Support: Disabled
 Compressed Oops: Enabled (32-bit)
 Heap Region Size: 1M
 Heap Min Capacity: 8M
 Heap Initial Capacity: 126M
 Heap Max Capacity: 2G
 Pre-touch: Disabled
 Parallel Workers: 10
 Concurrent Workers: 3
 Concurrent Refinement Workers: 10
 Periodic GC: Disabled
Heap:
 garbage-first heap   total 546816K, used 361684K [0x0000000080000000, 0x0000000100000000)
  region size 1024K, 84 young (86016K), 21 survivors (21504K)
 Metaspace       used 268978K, committed 272256K, reserved 1310720K
  class space    used 33183K, committed 34816K, reserved 1048576K
GC Heap History (20 events):
Event: 278.332 GC heap before
{Heap before GC invocations=89 (full 0):
 garbage-first heap   total 546816K, used 249246K [0x0000000080000000, 0x0000000100000000)
  region size 1024K, 34 young (34816K), 25 survivors (25600K)
 Metaspace       used 165493K, committed 168000K, reserved 1245184K
  class space    used 21304K, committed 22528K, reserved 1048576K
}
Event: 278.348 GC heap after
{Heap after GC invocations=90 (full 0):
 garbage-first heap   total 546816K, used 246912K [0x0000000080000000, 0x0000000100000000)
  region size 1024K, 20 young (20480K), 20 survivors (20480K)
 Metaspace       used 165493K, committed 168000K, reserved 1245184K
  class space    used 21304K, committed 22528K, reserved 1048576K
}
Event: 280.370 GC heap before
{Heap before GC invocations=91 (full 0):
 garbage-first heap   total 546816K, used 484480K [0x0000000080000000, 0x0000000100000000)
  region size 1024K, 243 young (248832K), 20 survivors (20480K)
 Metaspace       used 185381K, committed 188160K, reserved 1245184K
  class space    used 23636K, committed 25024K, reserved 1048576K
}
Event: 280.394 GC heap after
{Heap after GC invocations=92 (full 0):
 garbage-first heap   total 546816K, used 268737K [0x0000000080000000, 0x0000000100000000)
  region size 1024K, 31 young (31744K), 31 survivors (31744K)
 Metaspace       used 185381K, committed 188160K, reserved 1245184K
  class space    used 23636K, committed 25024K, reserved 1048576K
}
Event: 282.775 GC heap before
{Heap before GC invocations=92 (full 0):
 garbage-first heap   total 546816K, used 480705K [0x0000000080000000, 0x0000000100000000)
  region size 1024K, 239 young (244736K), 31 survivors (31744K)
 Metaspace       used 209437K, committed 212288K, reserved 1245184K
  class space    used 25975K, committed 27392K, reserved 1048576K
}
Event: 282.803 GC heap after
{Heap after GC invocations=93 (full 0):
 garbage-first heap   total 546816K, used 286496K [0x0000000080000000, 0x0000000100000000)
  region size 1024K, 17 young (17408K), 17 survivors (17408K)
 Metaspace       used 209437K, committed 212288K, reserved 1245184K
  class space    used 25975K, committed 27392K, reserved 1048576K
}
Event: 308.330 GC heap before
{Heap before GC invocations=93 (full 0):
 garbage-first heap   total 546816K, used 448288K [0x0000000080000000, 0x0000000100000000)
  region size 1024K, 177 young (181248K), 17 survivors (17408K)
 Metaspace       used 218039K, committed 220992K, reserved 1245184K
  class space    used 27142K, committed 28608K, reserved 1048576K
}
Event: 308.356 GC heap after
{Heap after GC invocations=94 (full 0):
 garbage-first heap   total 546816K, used 286046K [0x0000000080000000, 0x0000000100000000)
  region size 1024K, 9 young (9216K), 9 survivors (9216K)
 Metaspace       used 218039K, committed 220992K, reserved 1245184K
  class space    used 27142K, committed 28608K, reserved 1048576K
}
Event: 311.261 GC heap before
{Heap before GC invocations=95 (full 0):
 garbage-first heap   total 546816K, used 501086K [0x0000000080000000, 0x0000000100000000)
  region size 1024K, 214 young (219136K), 9 survivors (9216K)
 Metaspace       used 223149K, committed 226176K, reserved 1310720K
  class space    used 27853K, committed 29376K, reserved 1048576K
}
Event: 311.371 GC heap after
{Heap after GC invocations=96 (full 0):
 garbage-first heap   total 546816K, used 290146K [0x0000000080000000, 0x0000000100000000)
  region size 1024K, 14 young (14336K), 14 survivors (14336K)
 Metaspace       used 223149K, committed 226176K, reserved 1310720K
  class space    used 27853K, committed 29376K, reserved 1048576K
}
Event: 544.995 GC heap before
{Heap before GC invocations=96 (full 0):
 garbage-first heap   total 546816K, used 501090K [0x0000000080000000, 0x0000000100000000)
  region size 1024K, 221 young (226304K), 14 survivors (14336K)
 Metaspace       used 231195K, committed 234304K, reserved 1310720K
  class space    used 28647K, committed 30208K, reserved 1048576K
}
Event: 545.213 GC heap after
{Heap after GC invocations=97 (full 0):
 garbage-first heap   total 546816K, used 292410K [0x0000000080000000, 0x0000000100000000)
  region size 1024K, 18 young (18432K), 18 survivors (18432K)
 Metaspace       used 231195K, committed 234304K, reserved 1310720K
  class space    used 28647K, committed 30208K, reserved 1048576K
}
Event: 545.875 GC heap before
{Heap before GC invocations=97 (full 0):
 garbage-first heap   total 546816K, used 391738K [0x0000000080000000, 0x0000000100000000)
  region size 1024K, 117 young (119808K), 18 survivors (18432K)
 Metaspace       used 231196K, committed 234304K, reserved 1310720K
  class space    used 28648K, committed 30208K, reserved 1048576K
}
Event: 545.957 GC heap after
{Heap after GC invocations=98 (full 0):
 garbage-first heap   total 546816K, used 295202K [0x0000000080000000, 0x0000000100000000)
  region size 1024K, 15 young (15360K), 15 survivors (15360K)
 Metaspace       used 231196K, committed 234304K, reserved 1310720K
  class space    used 28648K, committed 30208K, reserved 1048576K
}
Event: 556.234 GC heap before
{Heap before GC invocations=99 (full 0):
 garbage-first heap   total 546816K, used 501026K [0x0000000080000000, 0x0000000100000000)
  region size 1024K, 217 young (222208K), 15 survivors (15360K)
 Metaspace       used 247267K, committed 250368K, reserved 1310720K
  class space    used 30582K, committed 32128K, reserved 1048576K
}
Event: 556.250 GC heap after
{Heap after GC invocations=100 (full 0):
 garbage-first heap   total 546816K, used 301568K [0x0000000080000000, 0x0000000100000000)
  region size 1024K, 27 young (27648K), 27 survivors (27648K)
 Metaspace       used 247267K, committed 250368K, reserved 1310720K
  class space    used 30582K, committed 32128K, reserved 1048576K
}
Event: 558.697 GC heap before
{Heap before GC invocations=100 (full 0):
 garbage-first heap   total 546816K, used 494080K [0x0000000080000000, 0x0000000100000000)
  region size 1024K, 211 young (216064K), 27 survivors (27648K)
 Metaspace       used 261002K, committed 264192K, reserved 1310720K
  class space    used 32416K, committed 33984K, reserved 1048576K
}
Event: 558.726 GC heap after
{Heap after GC invocations=101 (full 0):
 garbage-first heap   total 546816K, used 303706K [0x0000000080000000, 0x0000000100000000)
  region size 1024K, 26 young (26624K), 26 survivors (26624K)
 Metaspace       used 261002K, committed 264192K, reserved 1310720K
  class space    used 32416K, committed 33984K, reserved 1048576K
}
Event: 609.850 GC heap before
{Heap before GC invocations=101 (full 0):
 garbage-first heap   total 546816K, used 490074K [0x0000000080000000, 0x0000000100000000)
  region size 1024K, 209 young (214016K), 26 survivors (26624K)
 Metaspace       used 268659K, committed 271872K, reserved 1310720K
  class space    used 33143K, committed 34752K, reserved 1048576K
}
Event: 610.227 GC heap after
{Heap after GC invocations=102 (full 0):
 garbage-first heap   total 546816K, used 299220K [0x0000000080000000, 0x0000000100000000)
  region size 1024K, 21 young (21504K), 21 survivors (21504K)
 Metaspace       used 268659K, committed 271872K, reserved 1310720K
  class space    used 33143K, committed 34752K, reserved 1048576K
}

